[2026-04-02T18:36:03.505498+00:00] Starting AMP gap monitor in /Users/bytedance/.oh-my-coco/studio/flitter for 5 iterations with 3600s interval
[2026-04-02T18:36:03.506265+00:00] --- Iteration 1/5 ---
[2026-04-02T18:36:03.569427+00:00] Launching checker A for iteration 1 (session amp-gap-monitor-check-a-iter-1)
[2026-04-02T18:36:03.571847+00:00] Launching checker B for iteration 1 (session amp-gap-monitor-check-b-iter-1)
[2026-04-02T18:36:40.478828+00:00] Checker A iteration 1: finished=False reason=The active milestone `v0.3.0` is explicitly marked `status: executing` with Phase 13 still in progress (only 18% complete); there is no explicit milestone completion marker.
[2026-04-02T18:37:28.228595+00:00] Checker B iteration 1: finished=False reason=Disk state shows milestone v0.3.0 is still executing with Phase 13 in progress/partial; no completion/ship marker for the current milestone.
[2026-04-02T18:37:28.229384+00:00] Iteration summary: authoritative_finished=False consensus_finished=False
[2026-04-02T18:37:28.231391+00:00] Sleeping for 3600 seconds before next iteration
[2026-04-02T19:37:28.239947+00:00] --- Iteration 2/5 ---
[2026-04-02T19:37:28.414460+00:00] Launching checker A for iteration 2 (session amp-gap-monitor-check-a-iter-2)
[2026-04-02T19:37:28.418156+00:00] Launching checker B for iteration 2 (session amp-gap-monitor-check-b-iter-2)
[2026-04-02T19:38:06.586166+00:00] Checker A iteration 2: finished=False reason=Not explicitly complete: `.planning/STATE.md` says the current milestone is `v0.3.0` and the current position is Phase 14 (not started), with only Phase 13 marked complete. Although `gsd-tools.cjs state json` reports `milestone=v0.1.0` with `status=completed`, `.planning/STATE.md` notes this milestone detection can be misread, so there is no conservative evidence that the current milestone is finished.
[2026-04-02T19:39:30.377554+00:00] Checker B iteration 2: finished=False reason=Disk state shows the current milestone is `v0.3.0` (marked CURRENT) and not marked completed/shipped; Phase 14 is still pending/not started, and GSD stats show only 6/14 phases complete.
[2026-04-02T19:39:30.378082+00:00] Iteration summary: authoritative_finished=False consensus_finished=False
[2026-04-02T19:39:30.379958+00:00] Sleeping for 3600 seconds before next iteration
[2026-04-02T20:39:30.387281+00:00] --- Iteration 3/5 ---
[2026-04-02T20:39:30.562226+00:00] Launching checker A for iteration 3 (session amp-gap-monitor-check-a-iter-3)
[2026-04-02T20:39:30.565907+00:00] Launching checker B for iteration 3 (session amp-gap-monitor-check-b-iter-3)
[2026-04-02T20:39:58.780921+00:00] Checker A iteration 3: finished=False reason=GSD state JSON reports milestone v0.1.0 as completed, but .planning/STATE.md identifies the current milestone as v0.3.0 and does not mark it complete; STATE.md also notes the milestone tool can misread the active milestone as complete.
[2026-04-02T20:40:44.606341+00:00] Checker B iteration 3: finished=False reason=Disk state does not show the current milestone as completed/shipped: `.planning/ROADMAP.md` marks Milestones 1 and 2 as COMPLETED, but Milestone 3 (`v0.3.0`) is not marked completed and contains phases with `Status: Pending` (e.g., Phase 14). Tool stats also show many phases `Not Started`, so the active process is not finished.
[2026-04-02T20:40:44.606800+00:00] Iteration summary: authoritative_finished=False consensus_finished=False
[2026-04-02T20:40:44.608345+00:00] Sleeping for 3600 seconds before next iteration
[2026-04-02T21:40:44.618354+00:00] --- Iteration 4/5 ---
[2026-04-02T21:40:44.798777+00:00] Launching checker A for iteration 4 (session amp-gap-monitor-check-a-iter-4)
[2026-04-02T21:40:44.801624+00:00] Launching checker B for iteration 4 (session amp-gap-monitor-check-b-iter-4)
[2026-04-02T21:41:36.465499+00:00] Checker A iteration 4: finished=False reason=Repo state is inconsistent: gsd-tools reports milestone v0.1.0 with status=completed, but .planning/STATE.md identifies the current milestone as v0.3.0 (Phase 14 not started) and warns the milestone status can be misread; there is no explicit completion marker for v0.3.0.
[2026-04-02T21:41:37.979461+00:00] Checker B iteration 4: finished=False reason=Disk state does not show the current work as shipped/completed: `.planning/ROADMAP.md` has Milestone 3 (v0.3.0) not marked COMPLETED and Phase 14 is still Pending; `gsd-tools.cjs stats json` reports only 6/14 phases complete (43%) with Phase 14 Not Started.
[2026-04-02T21:41:37.981140+00:00] Iteration summary: authoritative_finished=False consensus_finished=False
[2026-04-02T21:41:37.983666+00:00] Sleeping for 3600 seconds before next iteration
[2026-04-02T22:41:37.987258+00:00] --- Iteration 5/5 ---
[2026-04-02T22:41:38.115952+00:00] Launching checker A for iteration 5 (session amp-gap-monitor-check-a-iter-5)
[2026-04-02T22:41:38.119481+00:00] Launching checker B for iteration 5 (session amp-gap-monitor-check-b-iter-5)
[2026-04-02T22:42:26.897001+00:00] Checker A iteration 5: finished=False reason=Conservative call: `.planning/STATE.md` says the current milestone is `v0.3.0` with Phase 14 and plan not started, and it also notes the `gsd-tools state` milestone completion signal can be wrong; no explicit completion marker for the current milestone is present.
[2026-04-02T22:43:05.456517+00:00] Checker B iteration 5: finished=False reason=Disk state indicates the current milestone is v0.3.0 (CURRENT) and it is not marked completed: Phase 14 and later phases are still Pending/Not Started. Only v0.1.0 is marked completed in STATE.md.
[2026-04-02T22:43:05.457454+00:00] Iteration summary: authoritative_finished=False consensus_finished=False
[2026-04-02T22:43:05.460272+00:00] Monitor finished all scheduled iterations
